C:\USERS\HOON\DOCUMENTS\VISUAL STUDIO 2012\PROJECTS\BB-IBE\BB-IBE\DEBUG\BIG.OBJ
C:\USERS\HOON\DOCUMENTS\VISUAL STUDIO 2012\PROJECTS\BB-IBE\BB-IBE\DEBUG\EC2.OBJ
C:\USERS\HOON\DOCUMENTS\VISUAL STUDIO 2012\PROJECTS\BB-IBE\BB-IBE\DEBUG\GF2M.OBJ
C:\USERS\HOON\DOCUMENTS\VISUAL STUDIO 2012\PROJECTS\BB-IBE\BB-IBE\DEBUG\GF2M4X.OBJ
C:\USERS\HOON\DOCUMENTS\VISUAL STUDIO 2012\PROJECTS\BB-IBE\BB-IBE\DEBUG\SS2_PAIR.OBJ
C:\USERS\HOON\DOCUMENTS\VISUAL STUDIO 2012\PROJECTS\BB-IBE\BB-IBE\DEBUG\BB-IBE.OBJ
C:\USERS\HOON\DOCUMENTS\VISUAL STUDIO 2012\PROJECTS\BB-IBE\BB-IBE\DEBUG\STDAFX.OBJ
C:\USERS\HOON\DOCUMENTS\VISUAL STUDIO 2012\PROJECTS\BB-IBE\BB-IBE\DEBUG\VC110.PDB
E:\CRYPTO IMPLEMENTATION\REPORT\BB-IBE\BB-IBE\BB-IBE\DEBUG\BIG.OBJ
E:\CRYPTO IMPLEMENTATION\REPORT\BB-IBE\BB-IBE\BB-IBE\DEBUG\EC2.OBJ
E:\CRYPTO IMPLEMENTATION\REPORT\BB-IBE\BB-IBE\BB-IBE\DEBUG\GF2M.OBJ
E:\CRYPTO IMPLEMENTATION\REPORT\BB-IBE\BB-IBE\BB-IBE\DEBUG\GF2M4X.OBJ
E:\CRYPTO IMPLEMENTATION\REPORT\BB-IBE\BB-IBE\BB-IBE\DEBUG\SS2_PAIR.OBJ
E:\CRYPTO IMPLEMENTATION\REPORT\BB-IBE\BB-IBE\BB-IBE\DEBUG\BB-IBE.OBJ
E:\CRYPTO IMPLEMENTATION\REPORT\BB-IBE\BB-IBE\BB-IBE\DEBUG\STDAFX.OBJ
E:\CRYPTO IMPLEMENTATION\REPORT\BB-IBE\BB-IBE\BB-IBE\DEBUG\VC110.PDB
C:\USERS\HOON\DOCUMENTS\VISUAL STUDIO 2012\PROJECTS\BB-IBE\DEBUG\BB-IBE.ILK
C:\USERS\HOON\DOCUMENTS\VISUAL STUDIO 2012\PROJECTS\BB-IBE\DEBUG\BB-IBE.EXE
C:\USERS\HOON\DOCUMENTS\VISUAL STUDIO 2012\PROJECTS\BB-IBE\DEBUG\BB-IBE.PDB
E:\CRYPTO IMPLEMENTATION\REPORT\BB-IBE\BB-IBE\DEBUG\BB-IBE.ILK
E:\CRYPTO IMPLEMENTATION\REPORT\BB-IBE\BB-IBE\DEBUG\BB-IBE.EXE
E:\CRYPTO IMPLEMENTATION\REPORT\BB-IBE\BB-IBE\DEBUG\BB-IBE.PDB
E:\crypto implementation\report\BB-IBE\BB-IBE\BB-IBE\Debug\BB-IBE.obj
E:\crypto implementation\report\BB-IBE\BB-IBE\BB-IBE\Debug\big.obj
E:\crypto implementation\report\BB-IBE\BB-IBE\BB-IBE\Debug\ec2.obj
E:\crypto implementation\report\BB-IBE\BB-IBE\BB-IBE\Debug\gf2m.obj
E:\crypto implementation\report\BB-IBE\BB-IBE\BB-IBE\Debug\gf2m4x.obj
E:\crypto implementation\report\BB-IBE\BB-IBE\BB-IBE\Debug\ss2_pair.obj
E:\crypto implementation\report\BB-IBE\BB-IBE\BB-IBE\Debug\stdafx.obj
E:\crypto implementation\report\BB-IBE\BB-IBE\BB-IBE\Debug\cl.command.1.tlog
E:\crypto implementation\report\BB-IBE\BB-IBE\BB-IBE\Debug\CL.read.1.tlog
E:\crypto implementation\report\BB-IBE\BB-IBE\BB-IBE\Debug\CL.write.1.tlog
E:\crypto implementation\report\BB-IBE\BB-IBE\BB-IBE\Debug\link-cvtres.read.1.tlog
E:\crypto implementation\report\BB-IBE\BB-IBE\BB-IBE\Debug\link-cvtres.write.1.tlog
E:\crypto implementation\report\BB-IBE\BB-IBE\BB-IBE\Debug\link-rc.read.1.tlog
E:\crypto implementation\report\BB-IBE\BB-IBE\BB-IBE\Debug\link-rc.write.1.tlog
E:\crypto implementation\report\BB-IBE\BB-IBE\BB-IBE\Debug\link.command.1.tlog
E:\crypto implementation\report\BB-IBE\BB-IBE\BB-IBE\Debug\link.read.1.tlog
E:\crypto implementation\report\BB-IBE\BB-IBE\BB-IBE\Debug\link.read.2.tlog
E:\crypto implementation\report\BB-IBE\BB-IBE\BB-IBE\Debug\link.write.1.tlog
E:\crypto implementation\report\BB-IBE\BB-IBE\BB-IBE\Debug\vc110.idb
E:\crypto implementation\report\BB-IBE\BB-IBE\BB-IBE\Debug\vc110.pdb
E:\crypto implementation\report\BB-IBE\BB-IBE\Debug\BB-IBE.pdb
E:\crypto implementation\report\BB-IBE\BB-IBE\Debug\BB-IBE.exe
E:\crypto implementation\report\BB-IBE\BB-IBE\Debug\BB-IBE.ilk
